[0m16:30:47.620888 [debug] [MainThread]: Sending event: {'category': 'dbt', 'action': 'invocation', 'label': 'start', 'context': [<snowplow_tracker.self_describing_json.SelfDescribingJson object at 0x000001FB353256A0>, <snowplow_tracker.self_describing_json.SelfDescribingJson object at 0x000001FB3110B4D0>, <snowplow_tracker.self_describing_json.SelfDescribingJson object at 0x000001FB3742FD90>]}


============================== 16:30:47.625334 | e963d1c5-6c3a-4f00-92a1-655f28ccf69c ==============================
[0m16:30:47.625334 [info ] [MainThread]: Running with dbt=1.10.7
[0m16:30:47.626486 [debug] [MainThread]: running dbt with arguments {'printer_width': '80', 'indirect_selection': 'eager', 'log_cache_events': 'False', 'write_json': 'True', 'partial_parse': 'True', 'cache_selected_only': 'False', 'profiles_dir': 'C:\\Users\\guilherme.lorenzetti\\.dbt', 'version_check': 'True', 'debug': 'False', 'log_path': 'logs', 'warn_error': 'None', 'fail_fast': 'False', 'use_colors': 'True', 'use_experimental_parser': 'False', 'empty': 'False', 'quiet': 'False', 'no_print': 'None', 'warn_error_options': 'WarnErrorOptionsV2(error=[], warn=[], silence=[])', 'invocation_command': 'dbt run', 'introspect': 'True', 'log_format': 'default', 'target_path': 'None', 'static_parser': 'True', 'send_anonymous_usage_stats': 'True'}
[0m16:30:47.628819 [error] [MainThread]: Encountered an error:
Runtime Error
  No dbt_project.yml found at expected path C:\Users\guilherme.lorenzetti\Documents\GitHub\News_data\dbt_process\dbt_project.yml
  Verify that each entry within packages.yml (and their transitive dependencies) contains a file named dbt_project.yml
  
[0m16:30:47.630228 [debug] [MainThread]: Command `dbt run` failed at 16:30:47.630110 after 0.19 seconds
[0m16:30:47.630578 [debug] [MainThread]: Sending event: {'category': 'dbt', 'action': 'invocation', 'label': 'end', 'context': [<snowplow_tracker.self_describing_json.SelfDescribingJson object at 0x000001FB37333820>, <snowplow_tracker.self_describing_json.SelfDescribingJson object at 0x000001FB374B0DD0>, <snowplow_tracker.self_describing_json.SelfDescribingJson object at 0x000001FB3730A8B0>]}
[0m16:30:47.630949 [debug] [MainThread]: Flushing usage events
[0m16:30:48.337154 [debug] [MainThread]: An error was encountered while trying to flush usage events
[0m16:34:50.313643 [debug] [MainThread]: Sending event: {'category': 'dbt', 'action': 'invocation', 'label': 'start', 'context': [<snowplow_tracker.self_describing_json.SelfDescribingJson object at 0x0000021677DC96A0>, <snowplow_tracker.self_describing_json.SelfDescribingJson object at 0x0000021673B5B4D0>, <snowplow_tracker.self_describing_json.SelfDescribingJson object at 0x0000021679EDFD90>]}


============================== 16:34:50.317982 | 4ed34a74-909f-4809-886a-58a3d1413f01 ==============================
[0m16:34:50.317982 [info ] [MainThread]: Running with dbt=1.10.7
[0m16:34:50.318753 [debug] [MainThread]: running dbt with arguments {'printer_width': '80', 'indirect_selection': 'eager', 'write_json': 'True', 'log_cache_events': 'False', 'partial_parse': 'True', 'cache_selected_only': 'False', 'profiles_dir': 'C:\\Users\\guilherme.lorenzetti\\.dbt', 'version_check': 'True', 'debug': 'False', 'log_path': 'logs', 'warn_error': 'None', 'fail_fast': 'False', 'use_colors': 'True', 'use_experimental_parser': 'False', 'empty': 'False', 'quiet': 'False', 'no_print': 'None', 'log_format': 'default', 'invocation_command': 'dbt run', 'static_parser': 'True', 'introspect': 'True', 'target_path': 'None', 'warn_error_options': 'WarnErrorOptionsV2(error=[], warn=[], silence=[])', 'send_anonymous_usage_stats': 'True'}
[0m16:34:50.319253 [error] [MainThread]: Encountered an error:
Runtime Error
  No dbt_project.yml found at expected path C:\Users\guilherme.lorenzetti\Documents\GitHub\News_data\dbt_process\dbt_project.yml
  Verify that each entry within packages.yml (and their transitive dependencies) contains a file named dbt_project.yml
  
[0m16:34:50.320243 [debug] [MainThread]: Command `dbt run` failed at 16:34:50.320113 after 0.24 seconds
[0m16:34:50.320637 [debug] [MainThread]: Sending event: {'category': 'dbt', 'action': 'invocation', 'label': 'end', 'context': [<snowplow_tracker.self_describing_json.SelfDescribingJson object at 0x0000021679DE3820>, <snowplow_tracker.self_describing_json.SelfDescribingJson object at 0x0000021679F60DD0>, <snowplow_tracker.self_describing_json.SelfDescribingJson object at 0x0000021679DB68B0>]}
[0m16:34:50.321008 [debug] [MainThread]: Flushing usage events
[0m16:34:51.137583 [debug] [MainThread]: An error was encountered while trying to flush usage events
[0m16:35:07.525370 [debug] [MainThread]: Sending event: {'category': 'dbt', 'action': 'invocation', 'label': 'start', 'context': [<snowplow_tracker.self_describing_json.SelfDescribingJson object at 0x0000024A7F4F96A0>, <snowplow_tracker.self_describing_json.SelfDescribingJson object at 0x0000024A7B26B4D0>, <snowplow_tracker.self_describing_json.SelfDescribingJson object at 0x0000024A0160FD90>]}


============================== 16:35:07.530132 | b190f5fd-543a-4796-9883-8571cc0961e9 ==============================
[0m16:35:07.530132 [info ] [MainThread]: Running with dbt=1.10.7
[0m16:35:07.531098 [debug] [MainThread]: running dbt with arguments {'printer_width': '80', 'indirect_selection': 'eager', 'write_json': 'True', 'log_cache_events': 'False', 'partial_parse': 'True', 'cache_selected_only': 'False', 'profiles_dir': 'C:\\Users\\guilherme.lorenzetti\\.dbt', 'debug': 'False', 'version_check': 'True', 'log_path': 'logs', 'fail_fast': 'False', 'warn_error': 'None', 'use_colors': 'True', 'use_experimental_parser': 'False', 'empty': 'False', 'quiet': 'False', 'no_print': 'None', 'warn_error_options': 'WarnErrorOptionsV2(error=[], warn=[], silence=[])', 'static_parser': 'True', 'log_format': 'default', 'invocation_command': 'dbt run', 'target_path': 'None', 'introspect': 'True', 'send_anonymous_usage_stats': 'True'}
[0m16:35:07.531619 [error] [MainThread]: Encountered an error:
Runtime Error
  No dbt_project.yml found at expected path C:\Users\guilherme.lorenzetti\Documents\GitHub\News_data\dbt_process\dbt_project.yml
  Verify that each entry within packages.yml (and their transitive dependencies) contains a file named dbt_project.yml
  
[0m16:35:07.532630 [debug] [MainThread]: Command `dbt run` failed at 16:35:07.532495 after 0.20 seconds
[0m16:35:07.533010 [debug] [MainThread]: Sending event: {'category': 'dbt', 'action': 'invocation', 'label': 'end', 'context': [<snowplow_tracker.self_describing_json.SelfDescribingJson object at 0x0000024A0054B820>, <snowplow_tracker.self_describing_json.SelfDescribingJson object at 0x0000024A01690DD0>, <snowplow_tracker.self_describing_json.SelfDescribingJson object at 0x0000024A0051A8B0>]}
[0m16:35:07.533413 [debug] [MainThread]: Flushing usage events
[0m16:35:08.202125 [debug] [MainThread]: An error was encountered while trying to flush usage events
